








info [Wed Aug 09 2023 23:24:02 GMT+0530 (India Standard Time)]  Bill generated for sskapadi@oneshield.com
info [Wed Aug 09 2023 23:24:44 GMT+0530 (India Standard Time)]  Bill creation failed since consumer not found
info [Wed Aug 09 2023 23:25:15 GMT+0530 (India Standard Time)]  Bill creation failed for sskapadi@oneshield.com meter number not corresponding to the consumer






info [Wed Aug 09 2023 23:27:30 GMT+0530 (India Standard Time)]  Bill generated for sskapadi@oneshield.com

info [Wed Aug 09 2023 23:29:59 GMT+0530 (India Standard Time)]  Bill generated for sskapadi@oneshield.com

info [Wed Aug 09 2023 23:31:28 GMT+0530 (India Standard Time)]  Bill generated for sskapadi@oneshield.com
info [Wed Aug 09 2023 23:31:38 GMT+0530 (India Standard Time)]  Mail sent to sskapadi@oneshield.com due to new bill

info [Thu Aug 10 2023 06:41:35 GMT+0530 (India Standard Time)]  Bill generated for sskapadi@oneshield.com
info [Thu Aug 10 2023 06:41:44 GMT+0530 (India Standard Time)]  Mail sent to sskapadi@oneshield.com due to new bill
info [Thu Aug 10 2023 06:41:58 GMT+0530 (India Standard Time)]  Bill generated for sskapadi@oneshield.com
info [Thu Aug 10 2023 06:42:11 GMT+0530 (India Standard Time)]  Mail sent to sskapadi@oneshield.com due to new bill




info [Thu Aug 10 2023 06:48:31 GMT+0530 (India Standard Time)]  Bill generated for sskapadi@oneshield.com
info [Thu Aug 10 2023 06:48:42 GMT+0530 (India Standard Time)]  Mail sent to sskapadi@oneshield.com due to new bill
info [Thu Aug 10 2023 06:51:23 GMT+0530 (India Standard Time)]  Bill generated for saikapdi11@gmail.com
info [Thu Aug 10 2023 06:51:34 GMT+0530 (India Standard Time)]  Mail sent to saikapdi11@gmail.com due to new bill




info [Thu Aug 10 2023 06:55:41 GMT+0530 (India Standard Time)]  Mail sent to saikapdi11@gmail.com due to bill overdue







info [Thu Aug 10 2023 07:05:23 GMT+0530 (India Standard Time)]  Bill updated for saikapdi11@gmail.com
info [Thu Aug 10 2023 07:07:45 GMT+0530 (India Standard Time)]  Bill updated for saikapdi11@gmail.com
info [Thu Aug 10 2023 07:08:00 GMT+0530 (India Standard Time)]  Mail sent to saikapdi11@gmail.com due to bill update after complaint
info [Thu Aug 10 2023 07:09:41 GMT+0530 (India Standard Time)]  Bill updated for saikapdi11@gmail.com
info [Thu Aug 10 2023 07:10:10 GMT+0530 (India Standard Time)]  Mail sent to saikapdi11@gmail.com due to bill update after complaint



info [Thu Aug 10 2023 07:13:32 GMT+0530 (India Standard Time)]  Bill creation failed for saikapdi11@gmail.com due to Previous reading is less than current reading
info [Thu Aug 10 2023 07:14:38 GMT+0530 (India Standard Time)]  Bill generated for saikapdi11@gmail.com
info [Thu Aug 10 2023 07:14:49 GMT+0530 (India Standard Time)]  Mail sent to saikapdi11@gmail.com due to new bill
info [Thu Aug 10 2023 07:16:01 GMT+0530 (India Standard Time)]  Bill generated for saikapdi11@gmail.com
info [Thu Aug 10 2023 07:16:11 GMT+0530 (India Standard Time)]  Mail sent to saikapdi11@gmail.com due to new bill
info [Thu Aug 10 2023 07:16:34 GMT+0530 (India Standard Time)]  Bill generated for saikapdi11@gmail.com
info [Thu Aug 10 2023 07:16:48 GMT+0530 (India Standard Time)]  Mail sent to saikapdi11@gmail.com due to new bill
